C51 COMPILER V9.01   流水灯                                                                11/23/2022 20:04:25 PAGE 1   


C51 COMPILER V9.01, COMPILATION OF MODULE 流水灯
OBJECT MODULE PLACED IN 流水灯.OBJ
COMPILER INVOKED BY: D:\apps\keil\C51\BIN\C51.EXE 流水灯.c BROWSE DEBUG OBJECTEXTEND

line level    source

   1          #include "reg51.h"
   2          #include "intrins.h"
   3          #define uchar unsigned char
   4          #define uint unsigned int
   5          #define out P2
   6          void delayms(nint);
   7          
   8          void main()
   9          {
  10   1      uchar i, temp;
  11   1      while(1)
  12   1              {
  13   2              temp=0xfe;
  14   2              for(i=0;i<8;i++)
  15   2                      {out=temp;
  16   3                      P1=temp;
  17   3                      P3=temp;
  18   3                      P0=temp;
  19   3                      delayms(500);
  20   3                      temp=_crol_(temp,1);
  21   3                      }
  22   2              }
  23   1      }
  24          
  25          void delayms(uint j)
  26          {
*** WARNING C235 IN LINE 26 OF 流水灯.C: parameter 1: different types
  27   1      uchar i;
  28   1      for(;j>0;j--)
  29   1              {i = 250;
  30   2              while(--i);
  31   2              i = 249;
  32   2              while(--i);
  33   2              }
  34   1      }


MODULE INFORMATION:   STATIC OVERLAYABLE
   CODE SIZE        =     74    ----
   CONSTANT SIZE    =   ----    ----
   XDATA SIZE       =   ----    ----
   PDATA SIZE       =   ----    ----
   DATA SIZE        =   ----       2
   IDATA SIZE       =   ----    ----
   BIT SIZE         =   ----    ----
END OF MODULE INFORMATION.


C51 COMPILATION COMPLETE.  1 WARNING(S),  0 ERROR(S)
